<?xml version="1.0" encoding="UTF-8"?>
<!-- Generated by org.testng.reporters.JUnitReportReporter -->
<testsuite hostname="WS-22082" failures="0" tests="1" name="testclasses.Test1" time="11.094" errors="0" timestamp="2023-04-10T17:49:41 IST" skipped="0">
  <testcase classname="testclasses.Test1" name="billPayment" time="11.094"/>
  <system-out/>
</testsuite> <!-- testclasses.Test1 -->
